<?xml version="1.0" encoding="UTF-8"?>
<!-- Generated by org.testng.reporters.JUnitXMLReporter -->
<testsuite ignored="0" hostname="LAPTOP-EU9OVVSS" failures="0" tests="6" name="Sauce Demo Test" time="61.48" errors="0" timestamp="2023-08-04T16:29:14 ICT">
  <testcase classname="test.cases.CheckoutItemsE2ETest" name="checkoutSeveralItemsUntilSuccessfullyTest" time="16.37"/>
  <testcase classname="test.cases.LoginTest" name="loginWithCorrectData" time="4.335"/>
  <testcase classname="test.cases.LoginTest" name="loginWithIncorrectData" time="4.262"/>
  <testcase classname="test.cases.LoginTest" name="loginWithLockedOutAccount" time="4.344"/>
  <testcase classname="test.cases.LoginTest" name="loginWithProblemAccount" time="4.385"/>
  <testcase classname="test.cases.LoginTest" name="loginWithPerformanceGlitchAccount" time="7.354"/>
</testsuite> <!-- Sauce Demo Test -->
