<?xml version="1.0" encoding="UTF-8"?>
<!-- Generated by org.testng.reporters.JUnitXMLReporter -->
<testsuite ignored="0" hostname="LAPTOP-EU9OVVSS" failures="0" tests="5" name="Default test" time="41.333" errors="0" timestamp="2023-08-03T14:57:14 ICT">
  <testcase classname="test.cases.LoginTest" name="loginWithCorrectData" time="5.362"/>
  <testcase classname="test.cases.LoginTest" name="loginWithIncorrectData" time="4.532"/>
  <testcase classname="test.cases.LoginTest" name="loginWithLockedOutAccount" time="4.962"/>
  <testcase classname="test.cases.LoginTest" name="loginWithProblemAccount" time="5.113"/>
  <testcase classname="test.cases.LoginTest" name="loginWithPerformanceGlitchAccount" time="7.482"/>
</testsuite> <!-- Default test -->
