<?xml version="1.0" encoding="UTF-8"?>
<!-- Generated by org.testng.reporters.JUnitXMLReporter -->
<testsuite ignored="0" hostname="LAPTOP-OH5ER23C" failures="0" tests="5" name="Default test" time="38.574" errors="0" timestamp="2023-07-16T23:00:52 ICT">
  <testcase classname="test.cases.LoginTest" name="loginWithCorrectData" time="5.42"/>
  <testcase classname="test.cases.LoginTest" name="loginWithIncorrectData" time="4.368"/>
  <testcase classname="test.cases.LoginTest" name="loginWithLockedOutAccount" time="4.465"/>
  <testcase classname="test.cases.LoginTest" name="loginWithProblemAccount" time="4.673"/>
  <testcase classname="test.cases.LoginTest" name="loginWithPerformanceGlitchAccount" time="7.538"/>
</testsuite> <!-- Default test -->
