<?xml version="1.0" encoding="UTF-8"?>
<!-- Generated by org.testng.reporters.JUnitXMLReporter -->
<testsuite ignored="0" hostname="LAPTOP-OH5ER23C" failures="0" tests="6" name="Sauce Demo Test" time="55.193" errors="0" timestamp="2023-07-16T22:28:47 ICT">
  <testcase classname="test.cases.CheckoutItemsE2ETest" name="checkoutSeveralItemsUntilSuccessfullyTest" time="17.401"/>
  <testcase classname="test.cases.LoginTest" name="loginWithCorrectData" time="4.514"/>
  <testcase classname="test.cases.LoginTest" name="loginWithIncorrectData" time="4.499"/>
  <testcase classname="test.cases.LoginTest" name="loginWithLockedOutAccount" time="4.419"/>
  <testcase classname="test.cases.LoginTest" name="loginWithProblemAccount" time="4.616"/>
  <testcase classname="test.cases.LoginTest" name="loginWithPerformanceGlitchAccount" time="7.529"/>
</testsuite> <!-- Sauce Demo Test -->
