<?xml version="1.0" encoding="UTF-8"?>
<!-- Generated by org.testng.reporters.JUnitXMLReporter -->
<testsuite ignored="0" hostname="LAPTOP-EU9OVVSS" failures="0" tests="6" name="Sauce Demo Test" time="55.233" errors="0" timestamp="2023-08-04T16:20:03 ICT">
  <testcase classname="test.cases.CheckoutItemsE2ETest" name="checkoutSeveralItemsUntilSuccessfullyTest" time="16.432"/>
  <testcase classname="test.cases.LoginTest" name="loginWithCorrectData" time="4.325"/>
  <testcase classname="test.cases.LoginTest" name="loginWithIncorrectData" time="4.274"/>
  <testcase classname="test.cases.LoginTest" name="loginWithLockedOutAccount" time="4.311"/>
  <testcase classname="test.cases.LoginTest" name="loginWithProblemAccount" time="4.396"/>
  <testcase classname="test.cases.LoginTest" name="loginWithPerformanceGlitchAccount" time="7.294"/>
</testsuite> <!-- Sauce Demo Test -->
