<?xml version="1.0" encoding="UTF-8"?>
<!-- Generated by org.testng.reporters.JUnitXMLReporter -->
<testsuite ignored="0" hostname="LAPTOP-OH5ER23C" failures="0" tests="3" name="Vendor Registration - Local Company" time="488.381" errors="0" timestamp="2023-05-12T17:18:35 ICT">
  <testcase classname="test.VendorRegistrationLocalCompanyTest" name="vendorRegistrationLocalCompanyTest" time="127.439"/>
  <testcase classname="test.VendorRegistrationForeignCompanyTest" name="vendorRegistrationForeignCompanyTest" time="148.557"/>
  <testcase classname="test.VendorRegistrationIndividualTest" name="vendorRegistrationIndividualTest" time="175.243"/>
</testsuite> <!-- Vendor Registration - Local Company -->
