<?xml version="1.0" encoding="UTF-8"?>
<testng-results ignored="0" total="6" passed="6" failed="0" skipped="0">
  <reporter-output>
  </reporter-output>
  <suite started-at="2023-08-04T16:28:11 ICT" name="Sauce Demo Suite" finished-at="2023-08-04T16:29:13 ICT" duration-ms="61480">
    <groups>
    </groups>
    <test started-at="2023-08-04T16:28:11 ICT" name="Sauce Demo Test" finished-at="2023-08-04T16:29:13 ICT" duration-ms="61480">
      <class name="test.cases.LoginTest">
        <test-method is-config="true" signature="configEnvironment()[pri:0, instance:test.cases.LoginTest@67f3d192]" started-at="2023-08-04T16:28:38 ICT" name="configEnvironment" finished-at="2023-08-04T16:28:39 ICT" duration-ms="751" status="PASS">
          <reporter-output>
          </reporter-output>
        </test-method> <!-- configEnvironment -->
        <test-method is-config="true" signature="goToApps()[pri:0, instance:test.cases.LoginTest@67f3d192]" started-at="2023-08-04T16:28:39 ICT" name="goToApps" finished-at="2023-08-04T16:28:45 ICT" duration-ms="5765" status="PASS">
          <reporter-output>
          </reporter-output>
        </test-method> <!-- goToApps -->
        <test-method is-config="true" signature="initClass()[pri:0, instance:test.cases.LoginTest@67f3d192]" started-at="2023-08-04T16:28:45 ICT" name="initClass" finished-at="2023-08-04T16:28:45 ICT" duration-ms="6" status="PASS">
          <reporter-output>
          </reporter-output>
        </test-method> <!-- initClass -->
        <test-method signature="loginWithCorrectData(java.lang.reflect.Method)[pri:0, instance:test.cases.LoginTest@67f3d192]" started-at="2023-08-04T16:28:45 ICT" name="loginWithCorrectData" description="User login with correct data" finished-at="2023-08-04T16:28:49 ICT" duration-ms="4335" status="PASS">
          <params>
            <param index="0">
              <value>
                <![CDATA[public void test.cases.LoginTest.loginWithCorrectData(java.lang.reflect.Method) throws java.lang.InterruptedException]]>
              </value>
            </param>
          </params>
          <reporter-output>
          </reporter-output>
        </test-method> <!-- loginWithCorrectData -->
        <test-method is-config="true" signature="deleteAllCookiesAfterMethod()[pri:0, instance:test.cases.LoginTest@67f3d192]" started-at="2023-08-04T16:28:49 ICT" name="deleteAllCookiesAfterMethod" finished-at="2023-08-04T16:28:49 ICT" duration-ms="14" status="PASS">
          <reporter-output>
          </reporter-output>
        </test-method> <!-- deleteAllCookiesAfterMethod -->
        <test-method is-config="true" signature="goToApps()[pri:0, instance:test.cases.LoginTest@67f3d192]" started-at="2023-08-04T16:28:49 ICT" name="goToApps" finished-at="2023-08-04T16:28:50 ICT" duration-ms="73" status="PASS">
          <reporter-output>
          </reporter-output>
        </test-method> <!-- goToApps -->
        <test-method is-config="true" signature="initClass()[pri:0, instance:test.cases.LoginTest@67f3d192]" started-at="2023-08-04T16:28:50 ICT" name="initClass" finished-at="2023-08-04T16:28:50 ICT" duration-ms="7" status="PASS">
          <reporter-output>
          </reporter-output>
        </test-method> <!-- initClass -->
        <test-method signature="loginWithIncorrectData(java.lang.reflect.Method)[pri:1, instance:test.cases.LoginTest@67f3d192]" started-at="2023-08-04T16:28:50 ICT" name="loginWithIncorrectData" description="User login with incorrect data" finished-at="2023-08-04T16:28:54 ICT" duration-ms="4262" status="PASS">
          <params>
            <param index="0">
              <value>
                <![CDATA[public void test.cases.LoginTest.loginWithIncorrectData(java.lang.reflect.Method) throws java.lang.InterruptedException]]>
              </value>
            </param>
          </params>
          <reporter-output>
          </reporter-output>
        </test-method> <!-- loginWithIncorrectData -->
        <test-method is-config="true" signature="deleteAllCookiesAfterMethod()[pri:0, instance:test.cases.LoginTest@67f3d192]" started-at="2023-08-04T16:28:54 ICT" name="deleteAllCookiesAfterMethod" finished-at="2023-08-04T16:28:54 ICT" duration-ms="10" status="PASS">
          <reporter-output>
          </reporter-output>
        </test-method> <!-- deleteAllCookiesAfterMethod -->
        <test-method is-config="true" signature="goToApps()[pri:0, instance:test.cases.LoginTest@67f3d192]" started-at="2023-08-04T16:28:54 ICT" name="goToApps" finished-at="2023-08-04T16:28:54 ICT" duration-ms="67" status="PASS">
          <reporter-output>
          </reporter-output>
        </test-method> <!-- goToApps -->
        <test-method is-config="true" signature="initClass()[pri:0, instance:test.cases.LoginTest@67f3d192]" started-at="2023-08-04T16:28:54 ICT" name="initClass" finished-at="2023-08-04T16:28:54 ICT" duration-ms="5" status="PASS">
          <reporter-output>
          </reporter-output>
        </test-method> <!-- initClass -->
        <test-method signature="loginWithLockedOutAccount(java.lang.reflect.Method)[pri:1, instance:test.cases.LoginTest@67f3d192]" started-at="2023-08-04T16:28:54 ICT" name="loginWithLockedOutAccount" description="User login with locked out account" finished-at="2023-08-04T16:28:59 ICT" duration-ms="4344" status="PASS">
          <params>
            <param index="0">
              <value>
                <![CDATA[public void test.cases.LoginTest.loginWithLockedOutAccount(java.lang.reflect.Method) throws java.lang.InterruptedException]]>
              </value>
            </param>
          </params>
          <reporter-output>
          </reporter-output>
        </test-method> <!-- loginWithLockedOutAccount -->
        <test-method is-config="true" signature="deleteAllCookiesAfterMethod()[pri:0, instance:test.cases.LoginTest@67f3d192]" started-at="2023-08-04T16:28:59 ICT" name="deleteAllCookiesAfterMethod" finished-at="2023-08-04T16:28:59 ICT" duration-ms="14" status="PASS">
          <reporter-output>
          </reporter-output>
        </test-method> <!-- deleteAllCookiesAfterMethod -->
        <test-method is-config="true" signature="goToApps()[pri:0, instance:test.cases.LoginTest@67f3d192]" started-at="2023-08-04T16:28:59 ICT" name="goToApps" finished-at="2023-08-04T16:28:59 ICT" duration-ms="52" status="PASS">
          <reporter-output>
          </reporter-output>
        </test-method> <!-- goToApps -->
        <test-method is-config="true" signature="initClass()[pri:0, instance:test.cases.LoginTest@67f3d192]" started-at="2023-08-04T16:28:59 ICT" name="initClass" finished-at="2023-08-04T16:28:59 ICT" duration-ms="3" status="PASS">
          <reporter-output>
          </reporter-output>
        </test-method> <!-- initClass -->
        <test-method signature="loginWithProblemAccount(java.lang.reflect.Method)[pri:2, instance:test.cases.LoginTest@67f3d192]" started-at="2023-08-04T16:28:59 ICT" name="loginWithProblemAccount" description="User login with problem account" finished-at="2023-08-04T16:29:04 ICT" duration-ms="4385" status="PASS">
          <params>
            <param index="0">
              <value>
                <![CDATA[public void test.cases.LoginTest.loginWithProblemAccount(java.lang.reflect.Method) throws java.lang.InterruptedException]]>
              </value>
            </param>
          </params>
          <reporter-output>
          </reporter-output>
        </test-method> <!-- loginWithProblemAccount -->
        <test-method is-config="true" signature="deleteAllCookiesAfterMethod()[pri:0, instance:test.cases.LoginTest@67f3d192]" started-at="2023-08-04T16:29:04 ICT" name="deleteAllCookiesAfterMethod" finished-at="2023-08-04T16:29:04 ICT" duration-ms="13" status="PASS">
          <reporter-output>
          </reporter-output>
        </test-method> <!-- deleteAllCookiesAfterMethod -->
        <test-method is-config="true" signature="goToApps()[pri:0, instance:test.cases.LoginTest@67f3d192]" started-at="2023-08-04T16:29:04 ICT" name="goToApps" finished-at="2023-08-04T16:29:04 ICT" duration-ms="72" status="PASS">
          <reporter-output>
          </reporter-output>
        </test-method> <!-- goToApps -->
        <test-method is-config="true" signature="initClass()[pri:0, instance:test.cases.LoginTest@67f3d192]" started-at="2023-08-04T16:29:04 ICT" name="initClass" finished-at="2023-08-04T16:29:04 ICT" duration-ms="3" status="PASS">
          <reporter-output>
          </reporter-output>
        </test-method> <!-- initClass -->
        <test-method signature="loginWithPerformanceGlitchAccount(java.lang.reflect.Method)[pri:3, instance:test.cases.LoginTest@67f3d192]" started-at="2023-08-04T16:29:04 ICT" name="loginWithPerformanceGlitchAccount" description="User login with performance glitch account" finished-at="2023-08-04T16:29:12 ICT" duration-ms="7354" status="PASS">
          <params>
            <param index="0">
              <value>
                <![CDATA[public void test.cases.LoginTest.loginWithPerformanceGlitchAccount(java.lang.reflect.Method) throws java.lang.InterruptedException]]>
              </value>
            </param>
          </params>
          <reporter-output>
          </reporter-output>
        </test-method> <!-- loginWithPerformanceGlitchAccount -->
        <test-method is-config="true" signature="deleteAllCookiesAfterMethod()[pri:0, instance:test.cases.LoginTest@67f3d192]" started-at="2023-08-04T16:29:12 ICT" name="deleteAllCookiesAfterMethod" finished-at="2023-08-04T16:29:12 ICT" duration-ms="11" status="PASS">
          <reporter-output>
          </reporter-output>
        </test-method> <!-- deleteAllCookiesAfterMethod -->
        <test-method is-config="true" signature="tearDown()[pri:0, instance:test.cases.LoginTest@67f3d192]" started-at="2023-08-04T16:29:12 ICT" name="tearDown" finished-at="2023-08-04T16:29:13 ICT" duration-ms="182" status="PASS">
          <reporter-output>
          </reporter-output>
        </test-method> <!-- tearDown -->
      </class> <!-- test.cases.LoginTest -->
      <class name="test.cases.CheckoutItemsE2ETest">
        <test-method is-config="true" signature="configEnvironment()[pri:0, instance:test.cases.CheckoutItemsE2ETest@7636823f]" started-at="2023-08-04T16:28:12 ICT" name="configEnvironment" finished-at="2023-08-04T16:28:16 ICT" duration-ms="3703" status="PASS">
          <reporter-output>
          </reporter-output>
        </test-method> <!-- configEnvironment -->
        <test-method is-config="true" signature="goToApps()[pri:0, instance:test.cases.CheckoutItemsE2ETest@7636823f]" started-at="2023-08-04T16:28:16 ICT" name="goToApps" finished-at="2023-08-04T16:28:20 ICT" duration-ms="4827" status="PASS">
          <reporter-output>
          </reporter-output>
        </test-method> <!-- goToApps -->
        <test-method is-config="true" signature="initClass()[pri:0, instance:test.cases.CheckoutItemsE2ETest@7636823f]" started-at="2023-08-04T16:28:21 ICT" name="initClass" finished-at="2023-08-04T16:28:21 ICT" duration-ms="105" status="PASS">
          <reporter-output>
          </reporter-output>
        </test-method> <!-- initClass -->
        <test-method signature="checkoutSeveralItemsUntilSuccessfullyTest(java.lang.reflect.Method)[pri:0, instance:test.cases.CheckoutItemsE2ETest@7636823f]" started-at="2023-08-04T16:28:21 ICT" name="checkoutSeveralItemsUntilSuccessfullyTest" description="User login to apps and checkout several items" finished-at="2023-08-04T16:28:37 ICT" duration-ms="16370" status="PASS">
          <params>
            <param index="0">
              <value>
                <![CDATA[public void test.cases.CheckoutItemsE2ETest.checkoutSeveralItemsUntilSuccessfullyTest(java.lang.reflect.Method) throws java.lang.InterruptedException]]>
              </value>
            </param>
          </params>
          <reporter-output>
          </reporter-output>
        </test-method> <!-- checkoutSeveralItemsUntilSuccessfullyTest -->
        <test-method is-config="true" signature="deleteAllCookiesAfterMethod()[pri:0, instance:test.cases.CheckoutItemsE2ETest@7636823f]" started-at="2023-08-04T16:28:38 ICT" name="deleteAllCookiesAfterMethod" finished-at="2023-08-04T16:28:38 ICT" duration-ms="15" status="PASS">
          <reporter-output>
          </reporter-output>
        </test-method> <!-- deleteAllCookiesAfterMethod -->
        <test-method is-config="true" signature="tearDown()[pri:0, instance:test.cases.CheckoutItemsE2ETest@7636823f]" started-at="2023-08-04T16:28:38 ICT" name="tearDown" finished-at="2023-08-04T16:28:38 ICT" duration-ms="195" status="PASS">
          <reporter-output>
          </reporter-output>
        </test-method> <!-- tearDown -->
      </class> <!-- test.cases.CheckoutItemsE2ETest -->
    </test> <!-- Sauce Demo Test -->
  </suite> <!-- Sauce Demo Suite -->
</testng-results>
