<?xml version="1.0" encoding="UTF-8"?>
<testsuite xmlns:xsi="http://www.w3.org/2001/XMLSchema-instance" xsi:noNamespaceSchemaLocation="https://maven.apache.org/surefire/maven-surefire-plugin/xsd/surefire-test-report-3.0.xsd" version="3.0" name="TestSuite" time="64.488" tests="6" errors="0" skipped="0" failures="0">
  <properties>
[...]
</properties>
  <testcase name="checkoutSeveralItemsUntilSuccessfullyTest[public void test.cases.CheckoutItemsE2ETest.checkoutSeveralItemsUntilSuccessfullyTest(java.lang.reflect.Method) throws java.lang.InterruptedException](1)" classname="test.cases.CheckoutItemsE2ETest" time="17.074">
    <system-out><![CDATA[[INFO ] 2023-08-04 16:28:12.410 [main] Log - Sauce Demo Test method are starting.
[INFO ] 2023-08-04 16:28:12.499 [main] Log - Automation test are starting !
[INFO ] 2023-08-04 16:28:20.882 [main] Log - https://www.saucedemo.com/
[INFO ] 2023-08-04 16:28:20.884 [main] Log - Swag Labs
[INFO ] 2023-08-04 16:28:21.352 [main] Log - checkoutSeveralItemsUntilSuccessfullyTest test is starting.
[INFO ] 2023-08-04 16:28:23.895 [main] Log - Page Swag Labs is present!
[INFO ] 2023-08-04 16:28:26.204 [main] Log - Page Swag Labs is present!
[INFO ] 2023-08-04 16:28:28.457 [main] Log - Page Your Cart is present!
[INFO ] 2023-08-04 16:28:30.593 [main] Log - Page Checkout: Your Information is present!
[INFO ] 2023-08-04 16:28:33.116 [main] Log - Page Checkout: Overview is present!
[INFO ] 2023-08-04 16:28:33.203 [main] Log - Total price is correct : 23.98 = 23.98
[INFO ] 2023-08-04 16:28:33.285 [main] Log - Total price with tax is correct : 25.9 = 25.9
[INFO ] 2023-08-04 16:28:35.434 [main] Log - Page Checkout: Complete! is present!
[INFO ] 2023-08-04 16:28:35.528 [main] Log - Thank you for your order! , Your order has been dispatched, and will arrive just as fast as the pony can get there!
[INFO ] 2023-08-04 16:28:37.666 [main] Log - Page Swag Labs is present!
[INFO ] 2023-08-04 16:28:37.670 [main] Log - checkoutSeveralItemsUntilSuccessfullyTest test is succeed.
Screenshot captured for test case : checkoutSeveralItemsUntilSuccessfullyTest
]]></system-out>
    <system-err><![CDATA[SLF4J: Failed to load class "org.slf4j.impl.StaticLoggerBinder".
SLF4J: Defaulting to no-operation (NOP) logger implementation
SLF4J: See http://www.slf4j.org/codes.html#StaticLoggerBinder for further details.
Aug 04, 2023 4:28:12 PM org.openqa.selenium.remote.service.DriverService$Builder getLogOutput
INFO: Driver logs no longer sent to console by default; https://www.selenium.dev/documentation/webdriver/drivers/service/#setting-log-output
Aug 04, 2023 4:28:16 PM org.openqa.selenium.devtools.CdpVersionFinder findNearestMatch
WARNING: Unable to find an exact match for CDP version 115, so returning the closest version found: 114
]]></system-err>
  </testcase>
  <testcase name="loginWithCorrectData[public void test.cases.LoginTest.loginWithCorrectData(java.lang.reflect.Method) throws java.lang.InterruptedException](1)" classname="test.cases.LoginTest" time="4.861">
    <system-out><![CDATA[[INFO ] 2023-08-04 16:28:38.389 [main] Log - Automation test are ending !
[INFO ] 2023-08-04 16:28:38.586 [main] Log - Automation test are starting !
[INFO ] 2023-08-04 16:28:44.979 [main] Log - https://www.saucedemo.com/
[INFO ] 2023-08-04 16:28:44.979 [main] Log - Swag Labs
[INFO ] 2023-08-04 16:28:45.123 [main] Log - loginWithCorrectData test is starting.
[INFO ] 2023-08-04 16:28:47.163 [main] Log - Page Swag Labs is present!
[INFO ] 2023-08-04 16:28:49.454 [main] Log - Page Swag Labs is present!
[INFO ] 2023-08-04 16:28:49.455 [main] Log - loginWithCorrectData test is succeed.
Screenshot captured for test case : loginWithCorrectData
]]></system-out>
    <system-err><![CDATA[Aug 04, 2023 4:28:38 PM org.openqa.selenium.remote.service.DriverService$Builder getLogOutput
INFO: Driver logs no longer sent to console by default; https://www.selenium.dev/documentation/webdriver/drivers/service/#setting-log-output
Aug 04, 2023 4:28:39 PM org.openqa.selenium.devtools.CdpVersionFinder findNearestMatch
WARNING: Unable to find an exact match for CDP version 115, so returning the closest version found: 114
]]></system-err>
  </testcase>
  <testcase name="loginWithIncorrectData[public void test.cases.LoginTest.loginWithIncorrectData(java.lang.reflect.Method) throws java.lang.InterruptedException](1)" classname="test.cases.LoginTest" time="4.677">
    <system-out><![CDATA[[INFO ] 2023-08-04 16:28:50.068 [main] Log - https://www.saucedemo.com/
[INFO ] 2023-08-04 16:28:50.069 [main] Log - Swag Labs
[INFO ] 2023-08-04 16:28:50.085 [main] Log - loginWithIncorrectData test is starting.
[INFO ] 2023-08-04 16:28:52.121 [main] Log - Page Swag Labs is present!
[INFO ] 2023-08-04 16:28:54.344 [main] Log - Page Epic sadface: Username and password do not match any user in this service is present!
[INFO ] 2023-08-04 16:28:54.345 [main] Log - loginWithIncorrectData test is succeed.
Screenshot captured for test case : loginWithIncorrectData
]]></system-out>
  </testcase>
  <testcase name="loginWithLockedOutAccount[public void test.cases.LoginTest.loginWithLockedOutAccount(java.lang.reflect.Method) throws java.lang.InterruptedException](1)" classname="test.cases.LoginTest" time="4.76">
    <system-out><![CDATA[[INFO ] 2023-08-04 16:28:54.838 [main] Log - https://www.saucedemo.com/
[INFO ] 2023-08-04 16:28:54.838 [main] Log - Swag Labs
[INFO ] 2023-08-04 16:28:54.856 [main] Log - loginWithLockedOutAccount test is starting.
[INFO ] 2023-08-04 16:28:56.937 [main] Log - Page Swag Labs is present!
[INFO ] 2023-08-04 16:28:59.196 [main] Log - Page Epic sadface: Sorry, this user has been locked out. is present!
[INFO ] 2023-08-04 16:28:59.197 [main] Log - loginWithLockedOutAccount test is succeed.
Screenshot captured for test case : loginWithLockedOutAccount
]]></system-out>
  </testcase>
  <testcase name="loginWithProblemAccount[public void test.cases.LoginTest.loginWithProblemAccount(java.lang.reflect.Method) throws java.lang.InterruptedException](1)" classname="test.cases.LoginTest" time="5.059">
    <system-out><![CDATA[[INFO ] 2023-08-04 16:28:59.679 [main] Log - https://www.saucedemo.com/
[INFO ] 2023-08-04 16:28:59.680 [main] Log - Swag Labs
[INFO ] 2023-08-04 16:28:59.695 [main] Log - loginWithProblemAccount test is starting.
[INFO ] 2023-08-04 16:29:01.752 [main] Log - Page Swag Labs is present!
[INFO ] 2023-08-04 16:29:03.990 [main] Log - Page Swag Labs is present!
[INFO ] 2023-08-04 16:29:04.074 [main] Log - Remove from cart button is not working!
[INFO ] 2023-08-04 16:29:04.075 [main] Log - loginWithProblemAccount test is succeed.
Screenshot captured for test case : loginWithProblemAccount
]]></system-out>
  </testcase>
  <testcase name="loginWithPerformanceGlitchAccount[public void test.cases.LoginTest.loginWithPerformanceGlitchAccount(java.lang.reflect.Method) throws java.lang.InterruptedException](1)" classname="test.cases.LoginTest" time="7.992">
    <system-out><![CDATA[[INFO ] 2023-08-04 16:29:04.837 [main] Log - https://www.saucedemo.com/
[INFO ] 2023-08-04 16:29:04.838 [main] Log - Swag Labs
[INFO ] 2023-08-04 16:29:04.858 [main] Log - loginWithPerformanceGlitchAccount test is starting.
[INFO ] 2023-08-04 16:29:06.937 [main] Log - Page Swag Labs is present!
[INFO ] 2023-08-04 16:29:12.179 [main] Log - User has logged in to the app!
[INFO ] 2023-08-04 16:29:12.193 [main] Log - User has logged in to the app!
[INFO ] 2023-08-04 16:29:12.209 [main] Log - User has logged in to the app!
[INFO ] 2023-08-04 16:29:12.209 [main] Log - loginWithPerformanceGlitchAccount test is succeed.
Screenshot captured for test case : loginWithPerformanceGlitchAccount
]]></system-out>
  </testcase>
</testsuite>