<?xml version="1.0" encoding="UTF-8"?>
<testng-results ignored="0" total="6" passed="6" failed="0" skipped="0">
  <reporter-output>
  </reporter-output>
  <suite started-at="2023-08-04T16:26:31 ICT" name="Sauce Demo Suite" finished-at="2023-08-04T16:27:28 ICT" duration-ms="57275">
    <groups>
    </groups>
    <test started-at="2023-08-04T16:26:31 ICT" name="Sauce Demo Test" finished-at="2023-08-04T16:27:28 ICT" duration-ms="57275">
      <class name="test.cases.LoginTest">
        <test-method is-config="true" signature="configEnvironment()[pri:0, instance:test.cases.LoginTest@5292ceca]" started-at="2023-08-04T16:26:57 ICT" name="configEnvironment" finished-at="2023-08-04T16:26:58 ICT" duration-ms="860" status="PASS">
          <reporter-output>
          </reporter-output>
        </test-method> <!-- configEnvironment -->
        <test-method is-config="true" signature="goToApps()[pri:0, instance:test.cases.LoginTest@5292ceca]" started-at="2023-08-04T16:26:58 ICT" name="goToApps" finished-at="2023-08-04T16:27:00 ICT" duration-ms="2207" status="PASS">
          <reporter-output>
          </reporter-output>
        </test-method> <!-- goToApps -->
        <test-method is-config="true" signature="initClass()[pri:0, instance:test.cases.LoginTest@5292ceca]" started-at="2023-08-04T16:27:00 ICT" name="initClass" finished-at="2023-08-04T16:27:00 ICT" duration-ms="8" status="PASS">
          <reporter-output>
          </reporter-output>
        </test-method> <!-- initClass -->
        <test-method signature="loginWithCorrectData(java.lang.reflect.Method)[pri:0, instance:test.cases.LoginTest@5292ceca]" started-at="2023-08-04T16:27:00 ICT" name="loginWithCorrectData" description="User login with correct data" finished-at="2023-08-04T16:27:04 ICT" duration-ms="4317" status="PASS">
          <params>
            <param index="0">
              <value>
                <![CDATA[public void test.cases.LoginTest.loginWithCorrectData(java.lang.reflect.Method) throws java.lang.InterruptedException]]>
              </value>
            </param>
          </params>
          <reporter-output>
          </reporter-output>
        </test-method> <!-- loginWithCorrectData -->
        <test-method is-config="true" signature="deleteAllCookiesAfterMethod()[pri:0, instance:test.cases.LoginTest@5292ceca]" started-at="2023-08-04T16:27:05 ICT" name="deleteAllCookiesAfterMethod" finished-at="2023-08-04T16:27:05 ICT" duration-ms="13" status="PASS">
          <reporter-output>
          </reporter-output>
        </test-method> <!-- deleteAllCookiesAfterMethod -->
        <test-method is-config="true" signature="goToApps()[pri:0, instance:test.cases.LoginTest@5292ceca]" started-at="2023-08-04T16:27:05 ICT" name="goToApps" finished-at="2023-08-04T16:27:05 ICT" duration-ms="83" status="PASS">
          <reporter-output>
          </reporter-output>
        </test-method> <!-- goToApps -->
        <test-method is-config="true" signature="initClass()[pri:0, instance:test.cases.LoginTest@5292ceca]" started-at="2023-08-04T16:27:05 ICT" name="initClass" finished-at="2023-08-04T16:27:05 ICT" duration-ms="2" status="PASS">
          <reporter-output>
          </reporter-output>
        </test-method> <!-- initClass -->
        <test-method signature="loginWithIncorrectData(java.lang.reflect.Method)[pri:1, instance:test.cases.LoginTest@5292ceca]" started-at="2023-08-04T16:27:05 ICT" name="loginWithIncorrectData" description="User login with incorrect data" finished-at="2023-08-04T16:27:09 ICT" duration-ms="4253" status="PASS">
          <params>
            <param index="0">
              <value>
                <![CDATA[public void test.cases.LoginTest.loginWithIncorrectData(java.lang.reflect.Method) throws java.lang.InterruptedException]]>
              </value>
            </param>
          </params>
          <reporter-output>
          </reporter-output>
        </test-method> <!-- loginWithIncorrectData -->
        <test-method is-config="true" signature="deleteAllCookiesAfterMethod()[pri:0, instance:test.cases.LoginTest@5292ceca]" started-at="2023-08-04T16:27:10 ICT" name="deleteAllCookiesAfterMethod" finished-at="2023-08-04T16:27:10 ICT" duration-ms="9" status="PASS">
          <reporter-output>
          </reporter-output>
        </test-method> <!-- deleteAllCookiesAfterMethod -->
        <test-method is-config="true" signature="goToApps()[pri:0, instance:test.cases.LoginTest@5292ceca]" started-at="2023-08-04T16:27:10 ICT" name="goToApps" finished-at="2023-08-04T16:27:10 ICT" duration-ms="50" status="PASS">
          <reporter-output>
          </reporter-output>
        </test-method> <!-- goToApps -->
        <test-method is-config="true" signature="initClass()[pri:0, instance:test.cases.LoginTest@5292ceca]" started-at="2023-08-04T16:27:10 ICT" name="initClass" finished-at="2023-08-04T16:27:10 ICT" duration-ms="3" status="PASS">
          <reporter-output>
          </reporter-output>
        </test-method> <!-- initClass -->
        <test-method signature="loginWithLockedOutAccount(java.lang.reflect.Method)[pri:1, instance:test.cases.LoginTest@5292ceca]" started-at="2023-08-04T16:27:10 ICT" name="loginWithLockedOutAccount" description="User login with locked out account" finished-at="2023-08-04T16:27:14 ICT" duration-ms="4338" status="PASS">
          <params>
            <param index="0">
              <value>
                <![CDATA[public void test.cases.LoginTest.loginWithLockedOutAccount(java.lang.reflect.Method) throws java.lang.InterruptedException]]>
              </value>
            </param>
          </params>
          <reporter-output>
          </reporter-output>
        </test-method> <!-- loginWithLockedOutAccount -->
        <test-method is-config="true" signature="deleteAllCookiesAfterMethod()[pri:0, instance:test.cases.LoginTest@5292ceca]" started-at="2023-08-04T16:27:14 ICT" name="deleteAllCookiesAfterMethod" finished-at="2023-08-04T16:27:14 ICT" duration-ms="12" status="PASS">
          <reporter-output>
          </reporter-output>
        </test-method> <!-- deleteAllCookiesAfterMethod -->
        <test-method is-config="true" signature="goToApps()[pri:0, instance:test.cases.LoginTest@5292ceca]" started-at="2023-08-04T16:27:14 ICT" name="goToApps" finished-at="2023-08-04T16:27:14 ICT" duration-ms="48" status="PASS">
          <reporter-output>
          </reporter-output>
        </test-method> <!-- goToApps -->
        <test-method is-config="true" signature="initClass()[pri:0, instance:test.cases.LoginTest@5292ceca]" started-at="2023-08-04T16:27:14 ICT" name="initClass" finished-at="2023-08-04T16:27:14 ICT" duration-ms="3" status="PASS">
          <reporter-output>
          </reporter-output>
        </test-method> <!-- initClass -->
        <test-method signature="loginWithProblemAccount(java.lang.reflect.Method)[pri:2, instance:test.cases.LoginTest@5292ceca]" started-at="2023-08-04T16:27:14 ICT" name="loginWithProblemAccount" description="User login with problem account" finished-at="2023-08-04T16:27:19 ICT" duration-ms="4436" status="PASS">
          <params>
            <param index="0">
              <value>
                <![CDATA[public void test.cases.LoginTest.loginWithProblemAccount(java.lang.reflect.Method) throws java.lang.InterruptedException]]>
              </value>
            </param>
          </params>
          <reporter-output>
          </reporter-output>
        </test-method> <!-- loginWithProblemAccount -->
        <test-method is-config="true" signature="deleteAllCookiesAfterMethod()[pri:0, instance:test.cases.LoginTest@5292ceca]" started-at="2023-08-04T16:27:20 ICT" name="deleteAllCookiesAfterMethod" finished-at="2023-08-04T16:27:20 ICT" duration-ms="17" status="PASS">
          <reporter-output>
          </reporter-output>
        </test-method> <!-- deleteAllCookiesAfterMethod -->
        <test-method is-config="true" signature="goToApps()[pri:0, instance:test.cases.LoginTest@5292ceca]" started-at="2023-08-04T16:27:20 ICT" name="goToApps" finished-at="2023-08-04T16:27:20 ICT" duration-ms="68" status="PASS">
          <reporter-output>
          </reporter-output>
        </test-method> <!-- goToApps -->
        <test-method is-config="true" signature="initClass()[pri:0, instance:test.cases.LoginTest@5292ceca]" started-at="2023-08-04T16:27:20 ICT" name="initClass" finished-at="2023-08-04T16:27:20 ICT" duration-ms="3" status="PASS">
          <reporter-output>
          </reporter-output>
        </test-method> <!-- initClass -->
        <test-method signature="loginWithPerformanceGlitchAccount(java.lang.reflect.Method)[pri:3, instance:test.cases.LoginTest@5292ceca]" started-at="2023-08-04T16:27:20 ICT" name="loginWithPerformanceGlitchAccount" description="User login with performance glitch account" finished-at="2023-08-04T16:27:27 ICT" duration-ms="7339" status="PASS">
          <params>
            <param index="0">
              <value>
                <![CDATA[public void test.cases.LoginTest.loginWithPerformanceGlitchAccount(java.lang.reflect.Method) throws java.lang.InterruptedException]]>
              </value>
            </param>
          </params>
          <reporter-output>
          </reporter-output>
        </test-method> <!-- loginWithPerformanceGlitchAccount -->
        <test-method is-config="true" signature="deleteAllCookiesAfterMethod()[pri:0, instance:test.cases.LoginTest@5292ceca]" started-at="2023-08-04T16:27:28 ICT" name="deleteAllCookiesAfterMethod" finished-at="2023-08-04T16:27:28 ICT" duration-ms="12" status="PASS">
          <reporter-output>
          </reporter-output>
        </test-method> <!-- deleteAllCookiesAfterMethod -->
        <test-method is-config="true" signature="tearDown()[pri:0, instance:test.cases.LoginTest@5292ceca]" started-at="2023-08-04T16:27:28 ICT" name="tearDown" finished-at="2023-08-04T16:27:28 ICT" duration-ms="238" status="PASS">
          <reporter-output>
          </reporter-output>
        </test-method> <!-- tearDown -->
      </class> <!-- test.cases.LoginTest -->
      <class name="test.cases.CheckoutItemsE2ETest">
        <test-method is-config="true" signature="configEnvironment()[pri:0, instance:test.cases.CheckoutItemsE2ETest@60cf62ad]" started-at="2023-08-04T16:26:32 ICT" name="configEnvironment" finished-at="2023-08-04T16:26:36 ICT" duration-ms="4194" status="PASS">
          <reporter-output>
          </reporter-output>
        </test-method> <!-- configEnvironment -->
        <test-method is-config="true" signature="goToApps()[pri:0, instance:test.cases.CheckoutItemsE2ETest@60cf62ad]" started-at="2023-08-04T16:26:36 ICT" name="goToApps" finished-at="2023-08-04T16:26:39 ICT" duration-ms="2552" status="PASS">
          <reporter-output>
          </reporter-output>
        </test-method> <!-- goToApps -->
        <test-method is-config="true" signature="initClass()[pri:0, instance:test.cases.CheckoutItemsE2ETest@60cf62ad]" started-at="2023-08-04T16:26:39 ICT" name="initClass" finished-at="2023-08-04T16:26:39 ICT" duration-ms="122" status="PASS">
          <reporter-output>
          </reporter-output>
        </test-method> <!-- initClass -->
        <test-method signature="checkoutSeveralItemsUntilSuccessfullyTest(java.lang.reflect.Method)[pri:0, instance:test.cases.CheckoutItemsE2ETest@60cf62ad]" started-at="2023-08-04T16:26:39 ICT" name="checkoutSeveralItemsUntilSuccessfullyTest" description="User login to apps and checkout several items" finished-at="2023-08-04T16:26:55 ICT" duration-ms="16458" status="PASS">
          <params>
            <param index="0">
              <value>
                <![CDATA[public void test.cases.CheckoutItemsE2ETest.checkoutSeveralItemsUntilSuccessfullyTest(java.lang.reflect.Method) throws java.lang.InterruptedException]]>
              </value>
            </param>
          </params>
          <reporter-output>
          </reporter-output>
        </test-method> <!-- checkoutSeveralItemsUntilSuccessfullyTest -->
        <test-method is-config="true" signature="deleteAllCookiesAfterMethod()[pri:0, instance:test.cases.CheckoutItemsE2ETest@60cf62ad]" started-at="2023-08-04T16:26:56 ICT" name="deleteAllCookiesAfterMethod" finished-at="2023-08-04T16:26:56 ICT" duration-ms="28" status="PASS">
          <reporter-output>
          </reporter-output>
        </test-method> <!-- deleteAllCookiesAfterMethod -->
        <test-method is-config="true" signature="tearDown()[pri:0, instance:test.cases.CheckoutItemsE2ETest@60cf62ad]" started-at="2023-08-04T16:26:56 ICT" name="tearDown" finished-at="2023-08-04T16:26:57 ICT" duration-ms="189" status="PASS">
          <reporter-output>
          </reporter-output>
        </test-method> <!-- tearDown -->
      </class> <!-- test.cases.CheckoutItemsE2ETest -->
    </test> <!-- Sauce Demo Test -->
  </suite> <!-- Sauce Demo Suite -->
</testng-results>
