<?xml version="1.0" encoding="UTF-8"?>
<testng-results ignored="0" total="5" passed="5" failed="0" skipped="0">
  <reporter-output>
  </reporter-output>
  <suite started-at="2023-08-03T14:56:33 ICT" name="Default suite" finished-at="2023-08-03T14:57:14 ICT" duration-ms="41333">
    <groups>
    </groups>
    <test started-at="2023-08-03T14:56:33 ICT" name="Default test" finished-at="2023-08-03T14:57:14 ICT" duration-ms="41333">
      <class name="test.cases.LoginTest">
        <test-method is-config="true" signature="configEnvironment()[pri:0, instance:test.cases.LoginTest@1fac1d5c]" started-at="2023-08-03T14:56:33 ICT" name="configEnvironment" finished-at="2023-08-03T14:56:43 ICT" duration-ms="10384" status="PASS">
          <reporter-output>
          </reporter-output>
        </test-method> <!-- configEnvironment -->
        <test-method is-config="true" signature="goToApps()[pri:0, instance:test.cases.LoginTest@1fac1d5c]" started-at="2023-08-03T14:56:43 ICT" name="goToApps" finished-at="2023-08-03T14:56:45 ICT" duration-ms="1555" status="PASS">
          <reporter-output>
          </reporter-output>
        </test-method> <!-- goToApps -->
        <test-method is-config="true" signature="initClass()[pri:0, instance:test.cases.LoginTest@1fac1d5c]" started-at="2023-08-03T14:56:45 ICT" name="initClass" finished-at="2023-08-03T14:56:45 ICT" duration-ms="224" status="PASS">
          <reporter-output>
          </reporter-output>
        </test-method> <!-- initClass -->
        <test-method signature="loginWithCorrectData(java.lang.reflect.Method)[pri:0, instance:test.cases.LoginTest@1fac1d5c]" started-at="2023-08-03T14:56:45 ICT" name="loginWithCorrectData" description="User login with correct data" finished-at="2023-08-03T14:56:50 ICT" duration-ms="5362" status="PASS">
          <params>
            <param index="0">
              <value>
                <![CDATA[public void test.cases.LoginTest.loginWithCorrectData(java.lang.reflect.Method) throws java.lang.InterruptedException]]>
              </value>
            </param>
          </params>
          <reporter-output>
          </reporter-output>
        </test-method> <!-- loginWithCorrectData -->
        <test-method is-config="true" signature="deleteAllCookiesAfterMethod()[pri:0, instance:test.cases.LoginTest@1fac1d5c]" started-at="2023-08-03T14:56:50 ICT" name="deleteAllCookiesAfterMethod" finished-at="2023-08-03T14:56:51 ICT" duration-ms="59" status="PASS">
          <reporter-output>
          </reporter-output>
        </test-method> <!-- deleteAllCookiesAfterMethod -->
        <test-method is-config="true" signature="goToApps()[pri:0, instance:test.cases.LoginTest@1fac1d5c]" started-at="2023-08-03T14:56:51 ICT" name="goToApps" finished-at="2023-08-03T14:56:51 ICT" duration-ms="149" status="PASS">
          <reporter-output>
          </reporter-output>
        </test-method> <!-- goToApps -->
        <test-method is-config="true" signature="initClass()[pri:0, instance:test.cases.LoginTest@1fac1d5c]" started-at="2023-08-03T14:56:51 ICT" name="initClass" finished-at="2023-08-03T14:56:51 ICT" duration-ms="9" status="PASS">
          <reporter-output>
          </reporter-output>
        </test-method> <!-- initClass -->
        <test-method signature="loginWithIncorrectData(java.lang.reflect.Method)[pri:1, instance:test.cases.LoginTest@1fac1d5c]" started-at="2023-08-03T14:56:51 ICT" name="loginWithIncorrectData" description="User login with incorrect data" finished-at="2023-08-03T14:56:55 ICT" duration-ms="4532" status="PASS">
          <params>
            <param index="0">
              <value>
                <![CDATA[public void test.cases.LoginTest.loginWithIncorrectData(java.lang.reflect.Method) throws java.lang.InterruptedException]]>
              </value>
            </param>
          </params>
          <reporter-output>
          </reporter-output>
        </test-method> <!-- loginWithIncorrectData -->
        <test-method is-config="true" signature="deleteAllCookiesAfterMethod()[pri:0, instance:test.cases.LoginTest@1fac1d5c]" started-at="2023-08-03T14:56:55 ICT" name="deleteAllCookiesAfterMethod" finished-at="2023-08-03T14:56:55 ICT" duration-ms="24" status="PASS">
          <reporter-output>
          </reporter-output>
        </test-method> <!-- deleteAllCookiesAfterMethod -->
        <test-method is-config="true" signature="goToApps()[pri:0, instance:test.cases.LoginTest@1fac1d5c]" started-at="2023-08-03T14:56:55 ICT" name="goToApps" finished-at="2023-08-03T14:56:55 ICT" duration-ms="75" status="PASS">
          <reporter-output>
          </reporter-output>
        </test-method> <!-- goToApps -->
        <test-method is-config="true" signature="initClass()[pri:0, instance:test.cases.LoginTest@1fac1d5c]" started-at="2023-08-03T14:56:55 ICT" name="initClass" finished-at="2023-08-03T14:56:55 ICT" duration-ms="7" status="PASS">
          <reporter-output>
          </reporter-output>
        </test-method> <!-- initClass -->
        <test-method signature="loginWithLockedOutAccount(java.lang.reflect.Method)[pri:1, instance:test.cases.LoginTest@1fac1d5c]" started-at="2023-08-03T14:56:55 ICT" name="loginWithLockedOutAccount" description="User login with locked out account" finished-at="2023-08-03T14:57:00 ICT" duration-ms="4962" status="PASS">
          <params>
            <param index="0">
              <value>
                <![CDATA[public void test.cases.LoginTest.loginWithLockedOutAccount(java.lang.reflect.Method) throws java.lang.InterruptedException]]>
              </value>
            </param>
          </params>
          <reporter-output>
          </reporter-output>
        </test-method> <!-- loginWithLockedOutAccount -->
        <test-method is-config="true" signature="deleteAllCookiesAfterMethod()[pri:0, instance:test.cases.LoginTest@1fac1d5c]" started-at="2023-08-03T14:57:00 ICT" name="deleteAllCookiesAfterMethod" finished-at="2023-08-03T14:57:00 ICT" duration-ms="62" status="PASS">
          <reporter-output>
          </reporter-output>
        </test-method> <!-- deleteAllCookiesAfterMethod -->
        <test-method is-config="true" signature="goToApps()[pri:0, instance:test.cases.LoginTest@1fac1d5c]" started-at="2023-08-03T14:57:00 ICT" name="goToApps" finished-at="2023-08-03T14:57:01 ICT" duration-ms="162" status="PASS">
          <reporter-output>
          </reporter-output>
        </test-method> <!-- goToApps -->
        <test-method is-config="true" signature="initClass()[pri:0, instance:test.cases.LoginTest@1fac1d5c]" started-at="2023-08-03T14:57:01 ICT" name="initClass" finished-at="2023-08-03T14:57:01 ICT" duration-ms="11" status="PASS">
          <reporter-output>
          </reporter-output>
        </test-method> <!-- initClass -->
        <test-method signature="loginWithProblemAccount(java.lang.reflect.Method)[pri:2, instance:test.cases.LoginTest@1fac1d5c]" started-at="2023-08-03T14:57:01 ICT" name="loginWithProblemAccount" description="User login with problem account" finished-at="2023-08-03T14:57:06 ICT" duration-ms="5113" status="PASS">
          <params>
            <param index="0">
              <value>
                <![CDATA[public void test.cases.LoginTest.loginWithProblemAccount(java.lang.reflect.Method) throws java.lang.InterruptedException]]>
              </value>
            </param>
          </params>
          <reporter-output>
          </reporter-output>
        </test-method> <!-- loginWithProblemAccount -->
        <test-method is-config="true" signature="deleteAllCookiesAfterMethod()[pri:0, instance:test.cases.LoginTest@1fac1d5c]" started-at="2023-08-03T14:57:06 ICT" name="deleteAllCookiesAfterMethod" finished-at="2023-08-03T14:57:06 ICT" duration-ms="54" status="PASS">
          <reporter-output>
          </reporter-output>
        </test-method> <!-- deleteAllCookiesAfterMethod -->
        <test-method is-config="true" signature="goToApps()[pri:0, instance:test.cases.LoginTest@1fac1d5c]" started-at="2023-08-03T14:57:06 ICT" name="goToApps" finished-at="2023-08-03T14:57:06 ICT" duration-ms="160" status="PASS">
          <reporter-output>
          </reporter-output>
        </test-method> <!-- goToApps -->
        <test-method is-config="true" signature="initClass()[pri:0, instance:test.cases.LoginTest@1fac1d5c]" started-at="2023-08-03T14:57:06 ICT" name="initClass" finished-at="2023-08-03T14:57:06 ICT" duration-ms="4" status="PASS">
          <reporter-output>
          </reporter-output>
        </test-method> <!-- initClass -->
        <test-method signature="loginWithPerformanceGlitchAccount(java.lang.reflect.Method)[pri:3, instance:test.cases.LoginTest@1fac1d5c]" started-at="2023-08-03T14:57:06 ICT" name="loginWithPerformanceGlitchAccount" description="User login with performance glitch account" finished-at="2023-08-03T14:57:13 ICT" duration-ms="7482" status="PASS">
          <params>
            <param index="0">
              <value>
                <![CDATA[public void test.cases.LoginTest.loginWithPerformanceGlitchAccount(java.lang.reflect.Method) throws java.lang.InterruptedException]]>
              </value>
            </param>
          </params>
          <reporter-output>
          </reporter-output>
        </test-method> <!-- loginWithPerformanceGlitchAccount -->
        <test-method is-config="true" signature="deleteAllCookiesAfterMethod()[pri:0, instance:test.cases.LoginTest@1fac1d5c]" started-at="2023-08-03T14:57:13 ICT" name="deleteAllCookiesAfterMethod" finished-at="2023-08-03T14:57:13 ICT" duration-ms="20" status="PASS">
          <reporter-output>
          </reporter-output>
        </test-method> <!-- deleteAllCookiesAfterMethod -->
        <test-method is-config="true" signature="tearDown()[pri:0, instance:test.cases.LoginTest@1fac1d5c]" started-at="2023-08-03T14:57:13 ICT" name="tearDown" finished-at="2023-08-03T14:57:14 ICT" duration-ms="383" status="PASS">
          <reporter-output>
          </reporter-output>
        </test-method> <!-- tearDown -->
      </class> <!-- test.cases.LoginTest -->
    </test> <!-- Default test -->
  </suite> <!-- Default suite -->
</testng-results>
