<?xml version="1.0" encoding="UTF-8"?>
<!-- Generated by org.testng.reporters.JUnitXMLReporter -->
<testsuite ignored="0" hostname="LAPTOP-OH5ER23C" failures="0" tests="5" name="Login Test" time="35.884" errors="0" timestamp="2023-07-16T22:18:35 ICT">
  <testcase classname="test.cases.LoginTest" name="loginWithCorrectData" time="5.147"/>
  <testcase classname="test.cases.LoginTest" name="loginWithIncorrectData" time="4.624"/>
  <testcase classname="test.cases.LoginTest" name="loginWithLockedOutAccount" time="4.553"/>
  <testcase classname="test.cases.LoginTest" name="loginWithProblemAccount" time="4.647"/>
  <testcase classname="test.cases.LoginTest" name="loginWithPerformanceGlitchAccount" time="7.518"/>
</testsuite> <!-- Login Test -->
